

Started GET "/" for 127.0.0.1 at 2011-04-29 17:53:59 +1000
  Processing by HomesController#index as HTML
Rendered homes/index.html.erb within layouts/application (5.6ms)
Completed 200 OK in 15ms (Views: 14.2ms | ActiveRecord: 0.0ms)


Started GET "/stylesheets/common.css?1304040241" for 127.0.0.1 at 2011-04-29 17:53:59 +1000

ActionController::RoutingError (No route matches "/stylesheets/common.css"):
  

Rendered /Users/robertpyke/.rvm/gems/ruby-1.9.2-p136/gems/actionpack-3.0.3/lib/action_dispatch/middleware/templates/rescues/routing_error.erb within rescues/layout (1.7ms)


Started GET "/asds" for 127.0.0.1 at 2011-04-29 17:54:03 +1000

ActionController::RoutingError (No route matches "/asds"):
  

Rendered /Users/robertpyke/.rvm/gems/ruby-1.9.2-p136/gems/actionpack-3.0.3/lib/action_dispatch/middleware/templates/rescues/routing_error.erb within rescues/layout (1.4ms)


Started GET "/" for 127.0.0.1 at 2011-04-29 17:54:05 +1000
  Processing by HomesController#index as HTML
Rendered homes/index.html.erb within layouts/application (2.4ms)
Completed 200 OK in 3ms (Views: 3.1ms | ActiveRecord: 0.0ms)


Started GET "/stylesheets/scaffold.css?1303859492" for 127.0.0.1 at 2011-04-29 17:54:05 +1000

ActionController::RoutingError (No route matches "/stylesheets/scaffold.css"):
  

Rendered /Users/robertpyke/.rvm/gems/ruby-1.9.2-p136/gems/actionpack-3.0.3/lib/action_dispatch/middleware/templates/rescues/routing_error.erb within rescues/layout (1.1ms)


Started GET "/javascripts/effects.js?1299491752" for 127.0.0.1 at 2011-04-29 17:54:05 +1000

ActionController::RoutingError (No route matches "/javascripts/effects.js"):
  

Rendered /Users/robertpyke/.rvm/gems/ruby-1.9.2-p136/gems/actionpack-3.0.3/lib/action_dispatch/middleware/templates/rescues/routing_error.erb within rescues/layout (1.2ms)


Started GET "/javascripts/dragdrop.js?1299491752" for 127.0.0.1 at 2011-04-29 17:54:05 +1000

ActionController::RoutingError (No route matches "/javascripts/dragdrop.js"):
  

Rendered /Users/robertpyke/.rvm/gems/ruby-1.9.2-p136/gems/actionpack-3.0.3/lib/action_dispatch/middleware/templates/rescues/routing_error.erb within rescues/layout (1.3ms)


Started GET "/stylesheets/preview_textile.css?1299580476" for 127.0.0.1 at 2011-04-29 17:54:05 +1000

ActionController::RoutingError (No route matches "/stylesheets/preview_textile.css"):
  

Rendered /Users/robertpyke/.rvm/gems/ruby-1.9.2-p136/gems/actionpack-3.0.3/lib/action_dispatch/middleware/templates/rescues/routing_error.erb within rescues/layout (1.3ms)


Started GET "/javascripts/controls.js?1299491752" for 127.0.0.1 at 2011-04-29 17:54:05 +1000

ActionController::RoutingError (No route matches "/javascripts/controls.js"):
  

Rendered /Users/robertpyke/.rvm/gems/ruby-1.9.2-p136/gems/actionpack-3.0.3/lib/action_dispatch/middleware/templates/rescues/routing_error.erb within rescues/layout (1.2ms)


Started GET "/javascripts/application.js?1299491752" for 127.0.0.1 at 2011-04-29 17:54:05 +1000

ActionController::RoutingError (No route matches "/javascripts/application.js"):
  

Rendered /Users/robertpyke/.rvm/gems/ruby-1.9.2-p136/gems/actionpack-3.0.3/lib/action_dispatch/middleware/templates/rescues/routing_error.erb within rescues/layout (1.6ms)


Started GET "/" for 127.0.0.1 at 2011-04-29 17:54:06 +1000
  Processing by HomesController#index as HTML
Rendered homes/index.html.erb within layouts/application (31.4ms)
Completed 200 OK in 32ms (Views: 32.1ms | ActiveRecord: 0.0ms)


Started GET "/javascripts/dragdrop.js?1299491752" for 127.0.0.1 at 2011-04-29 17:54:06 +1000

ActionController::RoutingError (No route matches "/javascripts/dragdrop.js"):
  

Rendered /Users/robertpyke/.rvm/gems/ruby-1.9.2-p136/gems/actionpack-3.0.3/lib/action_dispatch/middleware/templates/rescues/routing_error.erb within rescues/layout (1.2ms)


Started GET "/stylesheets/preview_textile.css?1299580476" for 127.0.0.1 at 2011-04-29 17:54:06 +1000

ActionController::RoutingError (No route matches "/stylesheets/preview_textile.css"):
  

Rendered /Users/robertpyke/.rvm/gems/ruby-1.9.2-p136/gems/actionpack-3.0.3/lib/action_dispatch/middleware/templates/rescues/routing_error.erb within rescues/layout (1.3ms)


Started GET "/stylesheets/scaffold.css?1303859492" for 127.0.0.1 at 2011-04-29 17:54:06 +1000

ActionController::RoutingError (No route matches "/stylesheets/scaffold.css"):
  

Rendered /Users/robertpyke/.rvm/gems/ruby-1.9.2-p136/gems/actionpack-3.0.3/lib/action_dispatch/middleware/templates/rescues/routing_error.erb within rescues/layout (1.4ms)


Started GET "/javascripts/effects.js?1299491752" for 127.0.0.1 at 2011-04-29 17:54:06 +1000

ActionController::RoutingError (No route matches "/javascripts/effects.js"):
  

Rendered /Users/robertpyke/.rvm/gems/ruby-1.9.2-p136/gems/actionpack-3.0.3/lib/action_dispatch/middleware/templates/rescues/routing_error.erb within rescues/layout (1.1ms)


Started GET "/stylesheets/common.css?1304040241" for 127.0.0.1 at 2011-04-29 17:54:06 +1000

ActionController::RoutingError (No route matches "/stylesheets/common.css"):
  

Rendered /Users/robertpyke/.rvm/gems/ruby-1.9.2-p136/gems/actionpack-3.0.3/lib/action_dispatch/middleware/templates/rescues/routing_error.erb within rescues/layout (1.4ms)


Started GET "/javascripts/prototype.js?1299491752" for 127.0.0.1 at 2011-04-29 17:54:06 +1000

ActionController::RoutingError (No route matches "/javascripts/prototype.js"):
  

Rendered /Users/robertpyke/.rvm/gems/ruby-1.9.2-p136/gems/actionpack-3.0.3/lib/action_dispatch/middleware/templates/rescues/routing_error.erb within rescues/layout (1.2ms)


Started GET "/javascripts/controls.js?1299491752" for 127.0.0.1 at 2011-04-29 17:54:06 +1000

ActionController::RoutingError (No route matches "/javascripts/controls.js"):
  

Rendered /Users/robertpyke/.rvm/gems/ruby-1.9.2-p136/gems/actionpack-3.0.3/lib/action_dispatch/middleware/templates/rescues/routing_error.erb within rescues/layout (1.1ms)


Started GET "/javascripts/rails.js?1299491752" for 127.0.0.1 at 2011-04-29 17:54:06 +1000

ActionController::RoutingError (No route matches "/javascripts/rails.js"):
  

Rendered /Users/robertpyke/.rvm/gems/ruby-1.9.2-p136/gems/actionpack-3.0.3/lib/action_dispatch/middleware/templates/rescues/routing_error.erb within rescues/layout (1.6ms)


Started GET "/javascripts/application.js?1299491752" for 127.0.0.1 at 2011-04-29 17:54:06 +1000

ActionController::RoutingError (No route matches "/javascripts/application.js"):
  

Rendered /Users/robertpyke/.rvm/gems/ruby-1.9.2-p136/gems/actionpack-3.0.3/lib/action_dispatch/middleware/templates/rescues/routing_error.erb within rescues/layout (1.3ms)


Started GET "/home/about" for 127.0.0.1 at 2011-04-29 17:54:07 +1000
  Processing by HomesController#about as HTML
Rendered homes/about.html.erb within layouts/application (2.7ms)
Completed 200 OK in 6ms (Views: 5.4ms | ActiveRecord: 0.0ms)


Started GET "/stylesheets/common.css?1304040241" for 127.0.0.1 at 2011-04-29 17:54:07 +1000

ActionController::RoutingError (No route matches "/stylesheets/common.css"):
  

Rendered /Users/robertpyke/.rvm/gems/ruby-1.9.2-p136/gems/actionpack-3.0.3/lib/action_dispatch/middleware/templates/rescues/routing_error.erb within rescues/layout (1.3ms)


Started GET "/stylesheets/scaffold.css?1303859492" for 127.0.0.1 at 2011-04-29 17:54:07 +1000

ActionController::RoutingError (No route matches "/stylesheets/scaffold.css"):
  

Rendered /Users/robertpyke/.rvm/gems/ruby-1.9.2-p136/gems/actionpack-3.0.3/lib/action_dispatch/middleware/templates/rescues/routing_error.erb within rescues/layout (1.3ms)


Started GET "/stylesheets/preview_textile.css?1299580476" for 127.0.0.1 at 2011-04-29 17:54:07 +1000

ActionController::RoutingError (No route matches "/stylesheets/preview_textile.css"):
  

Rendered /Users/robertpyke/.rvm/gems/ruby-1.9.2-p136/gems/actionpack-3.0.3/lib/action_dispatch/middleware/templates/rescues/routing_error.erb within rescues/layout (1.5ms)


Started GET "/javascripts/prototype.js?1299491752" for 127.0.0.1 at 2011-04-29 17:54:07 +1000

ActionController::RoutingError (No route matches "/javascripts/prototype.js"):
  

Rendered /Users/robertpyke/.rvm/gems/ruby-1.9.2-p136/gems/actionpack-3.0.3/lib/action_dispatch/middleware/templates/rescues/routing_error.erb within rescues/layout (1.6ms)


Started GET "/javascripts/dragdrop.js?1299491752" for 127.0.0.1 at 2011-04-29 17:54:07 +1000

ActionController::RoutingError (No route matches "/javascripts/dragdrop.js"):
  

Rendered /Users/robertpyke/.rvm/gems/ruby-1.9.2-p136/gems/actionpack-3.0.3/lib/action_dispatch/middleware/templates/rescues/routing_error.erb within rescues/layout (1.2ms)


Started GET "/javascripts/effects.js?1299491752" for 127.0.0.1 at 2011-04-29 17:54:07 +1000

ActionController::RoutingError (No route matches "/javascripts/effects.js"):
  

Rendered /Users/robertpyke/.rvm/gems/ruby-1.9.2-p136/gems/actionpack-3.0.3/lib/action_dispatch/middleware/templates/rescues/routing_error.erb within rescues/layout (1.1ms)


Started GET "/javascripts/controls.js?1299491752" for 127.0.0.1 at 2011-04-29 17:54:07 +1000

ActionController::RoutingError (No route matches "/javascripts/controls.js"):
  

Rendered /Users/robertpyke/.rvm/gems/ruby-1.9.2-p136/gems/actionpack-3.0.3/lib/action_dispatch/middleware/templates/rescues/routing_error.erb within rescues/layout (1.4ms)


Started GET "/javascripts/rails.js?1299491752" for 127.0.0.1 at 2011-04-29 17:54:07 +1000

ActionController::RoutingError (No route matches "/javascripts/rails.js"):
  

Rendered /Users/robertpyke/.rvm/gems/ruby-1.9.2-p136/gems/actionpack-3.0.3/lib/action_dispatch/middleware/templates/rescues/routing_error.erb within rescues/layout (2.8ms)


Started GET "/javascripts/application.js?1299491752" for 127.0.0.1 at 2011-04-29 17:54:07 +1000

ActionController::RoutingError (No route matches "/javascripts/application.js"):
  

Rendered /Users/robertpyke/.rvm/gems/ruby-1.9.2-p136/gems/actionpack-3.0.3/lib/action_dispatch/middleware/templates/rescues/routing_error.erb within rescues/layout (1.2ms)


Started GET "/home/support" for 127.0.0.1 at 2011-04-29 17:54:08 +1000
  Processing by HomesController#support as HTML
Rendered homes/support.html.erb within layouts/application (2.9ms)
Completed 200 OK in 7ms (Views: 6.7ms | ActiveRecord: 0.0ms)


Started GET "/stylesheets/common.css?1304040241" for 127.0.0.1 at 2011-04-29 17:54:08 +1000

ActionController::RoutingError (No route matches "/stylesheets/common.css"):
  

Rendered /Users/robertpyke/.rvm/gems/ruby-1.9.2-p136/gems/actionpack-3.0.3/lib/action_dispatch/middleware/templates/rescues/routing_error.erb within rescues/layout (1.3ms)


Started GET "/stylesheets/preview_textile.css?1299580476" for 127.0.0.1 at 2011-04-29 17:54:08 +1000

ActionController::RoutingError (No route matches "/stylesheets/preview_textile.css"):
  

Rendered /Users/robertpyke/.rvm/gems/ruby-1.9.2-p136/gems/actionpack-3.0.3/lib/action_dispatch/middleware/templates/rescues/routing_error.erb within rescues/layout (1.2ms)


Started GET "/javascripts/prototype.js?1299491752" for 127.0.0.1 at 2011-04-29 17:54:08 +1000

ActionController::RoutingError (No route matches "/javascripts/prototype.js"):
  

Rendered /Users/robertpyke/.rvm/gems/ruby-1.9.2-p136/gems/actionpack-3.0.3/lib/action_dispatch/middleware/templates/rescues/routing_error.erb within rescues/layout (2.2ms)


Started GET "/javascripts/effects.js?1299491752" for 127.0.0.1 at 2011-04-29 17:54:08 +1000

ActionController::RoutingError (No route matches "/javascripts/effects.js"):
  

Rendered /Users/robertpyke/.rvm/gems/ruby-1.9.2-p136/gems/actionpack-3.0.3/lib/action_dispatch/middleware/templates/rescues/routing_error.erb within rescues/layout (1.5ms)


Started GET "/stylesheets/scaffold.css?1303859492" for 127.0.0.1 at 2011-04-29 17:54:08 +1000

ActionController::RoutingError (No route matches "/stylesheets/scaffold.css"):
  

Rendered /Users/robertpyke/.rvm/gems/ruby-1.9.2-p136/gems/actionpack-3.0.3/lib/action_dispatch/middleware/templates/rescues/routing_error.erb within rescues/layout (1.2ms)


Started GET "/javascripts/dragdrop.js?1299491752" for 127.0.0.1 at 2011-04-29 17:54:08 +1000

ActionController::RoutingError (No route matches "/javascripts/dragdrop.js"):
  

Rendered /Users/robertpyke/.rvm/gems/ruby-1.9.2-p136/gems/actionpack-3.0.3/lib/action_dispatch/middleware/templates/rescues/routing_error.erb within rescues/layout (1.6ms)


Started GET "/javascripts/controls.js?1299491752" for 127.0.0.1 at 2011-04-29 17:54:08 +1000

ActionController::RoutingError (No route matches "/javascripts/controls.js"):
  

Rendered /Users/robertpyke/.rvm/gems/ruby-1.9.2-p136/gems/actionpack-3.0.3/lib/action_dispatch/middleware/templates/rescues/routing_error.erb within rescues/layout (1.1ms)


Started GET "/javascripts/rails.js?1299491752" for 127.0.0.1 at 2011-04-29 17:54:08 +1000

ActionController::RoutingError (No route matches "/javascripts/rails.js"):
  

Rendered /Users/robertpyke/.rvm/gems/ruby-1.9.2-p136/gems/actionpack-3.0.3/lib/action_dispatch/middleware/templates/rescues/routing_error.erb within rescues/layout (1.2ms)


Started GET "/javascripts/application.js?1299491752" for 127.0.0.1 at 2011-04-29 17:54:08 +1000

ActionController::RoutingError (No route matches "/javascripts/application.js"):
  

Rendered /Users/robertpyke/.rvm/gems/ruby-1.9.2-p136/gems/actionpack-3.0.3/lib/action_dispatch/middleware/templates/rescues/routing_error.erb within rescues/layout (1.4ms)


Started GET "/session/new" for 127.0.0.1 at 2011-04-29 17:54:10 +1000
  Processing by SessionsController#new as HTML
Rendered sessions/new.html.erb within layouts/application (7.4ms)
Completed 200 OK in 13ms (Views: 12.3ms | ActiveRecord: 0.0ms)


Started GET "/stylesheets/common.css?1304040241" for 127.0.0.1 at 2011-04-29 17:54:10 +1000

ActionController::RoutingError (No route matches "/stylesheets/common.css"):
  

Rendered /Users/robertpyke/.rvm/gems/ruby-1.9.2-p136/gems/actionpack-3.0.3/lib/action_dispatch/middleware/templates/rescues/routing_error.erb within rescues/layout (1.3ms)


Started GET "/stylesheets/preview_textile.css?1299580476" for 127.0.0.1 at 2011-04-29 17:54:10 +1000

ActionController::RoutingError (No route matches "/stylesheets/preview_textile.css"):
  

Rendered /Users/robertpyke/.rvm/gems/ruby-1.9.2-p136/gems/actionpack-3.0.3/lib/action_dispatch/middleware/templates/rescues/routing_error.erb within rescues/layout (1.7ms)


Started GET "/stylesheets/scaffold.css?1303859492" for 127.0.0.1 at 2011-04-29 17:54:10 +1000

ActionController::RoutingError (No route matches "/stylesheets/scaffold.css"):
  

Rendered /Users/robertpyke/.rvm/gems/ruby-1.9.2-p136/gems/actionpack-3.0.3/lib/action_dispatch/middleware/templates/rescues/routing_error.erb within rescues/layout (1.7ms)


Started GET "/javascripts/prototype.js?1299491752" for 127.0.0.1 at 2011-04-29 17:54:10 +1000

ActionController::RoutingError (No route matches "/javascripts/prototype.js"):
  

Rendered /Users/robertpyke/.rvm/gems/ruby-1.9.2-p136/gems/actionpack-3.0.3/lib/action_dispatch/middleware/templates/rescues/routing_error.erb within rescues/layout (3.0ms)


Started GET "/javascripts/effects.js?1299491752" for 127.0.0.1 at 2011-04-29 17:54:10 +1000

ActionController::RoutingError (No route matches "/javascripts/effects.js"):
  

Rendered /Users/robertpyke/.rvm/gems/ruby-1.9.2-p136/gems/actionpack-3.0.3/lib/action_dispatch/middleware/templates/rescues/routing_error.erb within rescues/layout (1.6ms)


Started GET "/javascripts/dragdrop.js?1299491752" for 127.0.0.1 at 2011-04-29 17:54:10 +1000

ActionController::RoutingError (No route matches "/javascripts/dragdrop.js"):
  

Rendered /Users/robertpyke/.rvm/gems/ruby-1.9.2-p136/gems/actionpack-3.0.3/lib/action_dispatch/middleware/templates/rescues/routing_error.erb within rescues/layout (3.5ms)


Started GET "/javascripts/controls.js?1299491752" for 127.0.0.1 at 2011-04-29 17:54:10 +1000

ActionController::RoutingError (No route matches "/javascripts/controls.js"):
  

Rendered /Users/robertpyke/.rvm/gems/ruby-1.9.2-p136/gems/actionpack-3.0.3/lib/action_dispatch/middleware/templates/rescues/routing_error.erb within rescues/layout (1.5ms)


Started GET "/javascripts/rails.js?1299491752" for 127.0.0.1 at 2011-04-29 17:54:10 +1000

ActionController::RoutingError (No route matches "/javascripts/rails.js"):
  

Rendered /Users/robertpyke/.rvm/gems/ruby-1.9.2-p136/gems/actionpack-3.0.3/lib/action_dispatch/middleware/templates/rescues/routing_error.erb within rescues/layout (2.2ms)


Started GET "/javascripts/application.js?1299491752" for 127.0.0.1 at 2011-04-29 17:54:10 +1000

ActionController::RoutingError (No route matches "/javascripts/application.js"):
  

Rendered /Users/robertpyke/.rvm/gems/ruby-1.9.2-p136/gems/actionpack-3.0.3/lib/action_dispatch/middleware/templates/rescues/routing_error.erb within rescues/layout (3.0ms)


Started GET "/session/new" for 127.0.0.1 at 2011-04-29 17:54:13 +1000
  Processing by SessionsController#new as HTML
Rendered sessions/new.html.erb within layouts/application (7.0ms)
Completed 200 OK in 8ms (Views: 7.8ms | ActiveRecord: 0.0ms)


Started GET "/stylesheets/common.css?1304040241" for 127.0.0.1 at 2011-04-29 17:54:16 +1000

ActionController::RoutingError (No route matches "/stylesheets/common.css"):
  

Rendered /Users/robertpyke/.rvm/gems/ruby-1.9.2-p136/gems/actionpack-3.0.3/lib/action_dispatch/middleware/templates/rescues/routing_error.erb within rescues/layout (2.1ms)


Started GET "/stylesheets/" for 127.0.0.1 at 2011-04-29 17:54:20 +1000

ActionController::RoutingError (No route matches "/stylesheets"):
  

Rendered /Users/robertpyke/.rvm/gems/ruby-1.9.2-p136/gems/actionpack-3.0.3/lib/action_dispatch/middleware/templates/rescues/routing_error.erb within rescues/layout (1.1ms)
